Logging: Train - Start
Linear Regression model trained
 Trained in: 0.011299848556518555
Decision tree model trained
 Trained in: 0.2186429500579834
Training done for all models
Logging: Evaluate - Start
Logging: Evaluate - Start
List of models to be evaluated: ['DecisionTreeModel', 'LinearRegModel', 'RandomForest_grid', 'RandomForest_rand']
Evaluation Matrix Result{'DecisionTreeModel': {'MSE': 5026054771.02, 'RMSE': 70894.67, 'MAE': 5026054771.02}, 'LinearRegModel': {'MSE': 5368904566.73, 'RMSE': 73272.81, 'MAE': 5368904566.73}, 'RandomForest_grid': {'MSE': 2372969201.77, 'RMSE': 48713.13, 'MAE': 2372969201.77}, 'RandomForest_rand': {'MSE': 2266281557.69, 'RMSE': 47605.48, 'MAE': 2266281557.69}}
Logging: Train - Start
Linear Regression model trained
 Trained in: 0.011367559432983398
Decision tree model trained
 Trained in: 0.19716763496398926
Random Forest using randomizedSearch model trained
 Trained in: 109.91270971298218
Random Forest using GridSearch model trained
 Trained in: 32.66165041923523
Training done for all models
Logging: Evaluate - Start
List of models to be evaluated: ['DecisionTreeModel', 'LinearRegModel', 'RandomForest_grid', 'RandomForest_rand']
Evaluation Matrix Result: {'DecisionTreeModel': {'MSE': 5026054771.02, 'RMSE': 70894.67, 'MAE': 5026054771.02}, 'LinearRegModel': {'MSE': 5368904566.73, 'RMSE': 73272.81, 'MAE': 5368904566.73}, 'RandomForest_grid': {'MSE': 2372969201.77, 'RMSE': 48713.13, 'MAE': 2372969201.77}, 'RandomForest_rand': {'MSE': 2266281557.69, 'RMSE': 47605.48, 'MAE': 2266281557.69}}
Logging: Train - Start
Linear Regression model trained
 Trained in: 0.010782480239868164
Decision tree model trained
 Trained in: 0.19509530067443848
Training done for all models
